<?xml version="1.0" encoding="UTF-8"?>
<!-- Generated by org.testng.reporters.JUnitReportReporter -->
<testsuite hostname="Rubels-MacBook-Pro.local" failures="0" tests="2" name="selFast1.selFast1.A" time="7.991" errors="0" timestamp="2022-07-14T20:43:53 EDT" skipped="0">
  <testcase classname="selFast1.selFast1.A" name="test" time="3.121"/>
  <system-out/>
  <testcase classname="selFast1.selFast1.A" name="test" time="4.870"/>
  <system-out/>
</testsuite> <!-- selFast1.selFast1.A -->
